<?xml version="1.0" encoding="UTF-8"?>
<testng-results skipped="0" failed="0" ignored="0" total="1" passed="1">
  <reporter-output>
    <line>
      <![CDATA[Rowcount:4]]>
    </line>
    <line>
      <![CDATA[UN:abcd]]>
    </line>
    <line>
      <![CDATA[PW:xyz]]>
    </line>
    <line>
      <![CDATA[UN:admin]]>
    </line>
    <line>
      <![CDATA[PW:damanger]]>
    </line>
    <line>
      <![CDATA[UN:admin]]>
    </line>
    <line>
      <![CDATA[PW:]]>
    </line>
    <line>
      <![CDATA[UN:xyz]]>
    </line>
    <line>
      <![CDATA[PW:manager]]>
    </line>
    <line>
      <![CDATA[Test testinvalidLogin is PASS]]>
    </line>
  </reporter-output>
  <suite name="Default suite" duration-ms="28170" started-at="2019-03-06T14:25:15Z" finished-at="2019-03-06T14:25:43Z">
    <groups>
    </groups>
    <test name="Default test" duration-ms="28170" started-at="2019-03-06T14:25:15Z" finished-at="2019-03-06T14:25:43Z">
      <class name="script.invalidLogin">
        <test-method status="PASS" signature="openApp()[pri:0, instance:script.invalidLogin@3532ec19]" name="openApp" is-config="true" duration-ms="8085" started-at="2019-03-06T14:25:15Z" finished-at="2019-03-06T14:25:23Z">
          <reporter-output>
          </reporter-output>
        </test-method> <!-- openApp -->
        <test-method status="PASS" signature="testinvalidLogin()[pri:2, instance:script.invalidLogin@3532ec19]" name="testinvalidLogin" duration-ms="19704" started-at="2019-03-06T14:25:23Z" finished-at="2019-03-06T14:25:43Z">
          <reporter-output>
            <line>
              <![CDATA[Rowcount:4]]>
            </line>
            <line>
              <![CDATA[UN:abcd]]>
            </line>
            <line>
              <![CDATA[PW:xyz]]>
            </line>
            <line>
              <![CDATA[UN:admin]]>
            </line>
            <line>
              <![CDATA[PW:damanger]]>
            </line>
            <line>
              <![CDATA[UN:admin]]>
            </line>
            <line>
              <![CDATA[PW:]]>
            </line>
            <line>
              <![CDATA[UN:xyz]]>
            </line>
            <line>
              <![CDATA[PW:manager]]>
            </line>
          </reporter-output>
        </test-method> <!-- testinvalidLogin -->
        <test-method status="PASS" signature="closeApp(org.testng.ITestResult)[pri:0, instance:script.invalidLogin@3532ec19]" name="closeApp" is-config="true" duration-ms="342" started-at="2019-03-06T14:25:43Z" finished-at="2019-03-06T14:25:43Z">
          <params>
            <param index="0">
              <value>
                <![CDATA[[TestResult name=testinvalidLogin status=SUCCESS method=invalidLogin.testinvalidLogin()[pri:2, instance:script.invalidLogin@3532ec19] output=Rowcount:4]]]>
              </value>
            </param>
          </params>
          <reporter-output>
            <line>
              <![CDATA[Test testinvalidLogin is PASS]]>
            </line>
          </reporter-output>
        </test-method> <!-- closeApp -->
      </class> <!-- script.invalidLogin -->
    </test> <!-- Default test -->
  </suite> <!-- Default suite -->
</testng-results>
