<?xml version="1.0" encoding="UTF-8"?>
<testng-results skipped="0" failed="0" ignored="0" total="1" passed="1">
  <reporter-output>
    <line>
      <![CDATA[Test testCheckIssueDate is PASS]]>
    </line>
  </reporter-output>
  <suite name="Default suite" duration-ms="19519" started-at="2019-03-05T08:45:46Z" finished-at="2019-03-05T08:46:05Z">
    <groups>
    </groups>
    <test name="Default test" duration-ms="19519" started-at="2019-03-05T08:45:46Z" finished-at="2019-03-05T08:46:05Z">
      <class name="script.CheckIssueDate">
        <test-method status="PASS" signature="openApp()[pri:0, instance:script.CheckIssueDate@3532ec19]" name="openApp" is-config="true" duration-ms="8747" started-at="2019-03-05T08:45:46Z" finished-at="2019-03-05T08:45:54Z">
          <reporter-output>
          </reporter-output>
        </test-method> <!-- openApp -->
        <test-method status="PASS" signature="testCheckIssueDate()[pri:3, instance:script.CheckIssueDate@3532ec19]" name="testCheckIssueDate" duration-ms="8532" started-at="2019-03-05T08:45:54Z" finished-at="2019-03-05T08:46:03Z">
          <reporter-output>
          </reporter-output>
        </test-method> <!-- testCheckIssueDate -->
        <test-method status="PASS" signature="closeApp(org.testng.ITestResult)[pri:0, instance:script.CheckIssueDate@3532ec19]" name="closeApp" is-config="true" duration-ms="2198" started-at="2019-03-05T08:46:03Z" finished-at="2019-03-05T08:46:05Z">
          <params>
            <param index="0">
              <value>
                <![CDATA[[TestResult name=testCheckIssueDate status=SUCCESS method=CheckIssueDate.testCheckIssueDate()[pri:3, instance:script.CheckIssueDate@3532ec19] output={null}]]]>
              </value>
            </param>
          </params>
          <reporter-output>
            <line>
              <![CDATA[Test testCheckIssueDate is PASS]]>
            </line>
          </reporter-output>
        </test-method> <!-- closeApp -->
      </class> <!-- script.CheckIssueDate -->
    </test> <!-- Default test -->
  </suite> <!-- Default suite -->
</testng-results>
